Arguments: 
  C:\Program Files\nodejs\node.exe C:\Program Files (x86)\Yarn\bin\yarn.js install

PATH: 
  C:\Windows\system32;C:\Windows;C:\Windows\System32\Wbem;C:\Windows\System32\WindowsPowerShell\v1.0\;C:\Windows\System32\OpenSSH\;C:\Program Files\Intel\WiFi\bin\;C:\Program Files\Common Files\Intel\WirelessCommon\;C:\Program Files\nodejs\;C:\Program Files\Git\cmd;C:\Program Files (x86)\Yarn\bin\;C:\Users\USER\AppData\Local\Programs\Python\Python312\Scripts\;C:\Users\USER\AppData\Local\Programs\Python\Python312\;C:\Users\USER\AppData\Local\Programs\Python\Launcher\;C:\Users\USER\AppData\Local\Microsoft\WindowsApps;C:\Users\USER\AppData\Roaming\npm;C:\Users\USER\AppData\Local\Programs\Microsoft VS Code\bin;C:\Users\USER\AppData\Local\Yarn\bin

Yarn version: 
  1.22.19

Node version: 
  21.6.2

Platform: 
  win32 x64

Trace: 
  AggregateError [EHOSTUNREACH]: 
      at internalConnectMultiple (node:net:1116:18)
      at afterConnectMultiple (node:net:1680:7)

npm manifest: 
  {
    "name": "AIRBNB_Replica",
    "version": "1.0.0",
    "description": "API",
    "main": "index.js",
    "scripts": {
      "start": "node index.js"
    },
    "keywords": [
      "api",
      "backend"
    ],
    "author": "Harish_Ravichandiran",
    "license": "MIT",
    "dependencies": {
      "bcryptjs": "^2.4.3",
      "cloudinary": "^1.35.0",
      "cookie-parser": "^1.4.6",
      "cookie-session": "^2.0.0",
      "cors": "^2.8.5",
      "dotenv": "^16.0.3",
      "express": "^4.18.2",
      "image-downloader": "^4.3.0",
      "jsonwebtoken": "^9.0.0",
      "mongoose": "^6.9.0",
      "multer": "^1.4.5-lts.1",
      "multer-storage-cloudinary": "^4.0.0"
    }
  }

yarn manifest: 
  No manifest

Lockfile: 
  # THIS IS AN AUTOGENERATED FILE. DO NOT EDIT THIS FILE DIRECTLY.
  # yarn lockfile v1
  
  
  Express@^3.0.1:
    version "3.0.1"
    resolved "https://registry.yarnpkg.com/Express/-/Express-3.0.1.tgz#e64ef7cb37684a69fc22d4111ddde4498896496a"
    integrity sha512-T8VnUAU1Kjm6wRidtZVjpCYGuSY9IXEYatng3QQ2Q7QQfDoo+tNeJFucDaZ79V4babYWarc4VkKsipC9x2EFlQ==
